0 info it worked if it ends with ok
1 verbose cli [ '/usr/local/bin/node',
1 verbose cli   '/usr/local/bin/npm',
1 verbose cli   'rm',
1 verbose cli   '--global',
1 verbose cli   'gulp' ]
2 info using npm@3.9.3
3 info using node@v6.2.1
4 silly loadCurrentTree Starting
5 silly install loadCurrentTree
6 silly install readGlobalPackageData
7 silly install normalizeTree
8 silly loadCurrentTree Finishing
9 silly loadIdealTree Starting
10 silly install loadIdealTree
11 silly cloneCurrentTree Starting
12 silly install cloneCurrentTreeToIdealTree
13 silly cloneCurrentTree Finishing
14 silly loadShrinkwrap Starting
15 silly install loadShrinkwrap
16 silly loadShrinkwrap Finishing
17 silly loadAllDepsIntoIdealTree Starting
18 silly uninstall loadAllDepsIntoIdealtree
19 silly loadAllDepsIntoIdealTree Finishing
20 silly idealTree:prePrune lib
21 silly loadIdealTree Finishing
22 silly currentTree lib
22 silly currentTree └─┬ gulp@3.9.1
22 silly currentTree   ├── archy@1.0.0
22 silly currentTree   ├─┬ chalk@1.1.3
22 silly currentTree   │ ├── ansi-styles@2.2.1
22 silly currentTree   │ ├── escape-string-regexp@1.0.5
22 silly currentTree   │ ├─┬ has-ansi@2.0.0
22 silly currentTree   │ │ └── ansi-regex@2.0.0
22 silly currentTree   │ ├─┬ strip-ansi@3.0.1
22 silly currentTree   │ │ └── ansi-regex@2.0.0
22 silly currentTree   │ └── supports-color@2.0.0
22 silly currentTree   ├── deprecated@0.0.1
22 silly currentTree   ├─┬ gulp-util@3.0.7
22 silly currentTree   │ ├── array-differ@1.0.0
22 silly currentTree   │ ├── array-uniq@1.0.2
22 silly currentTree   │ ├── beeper@1.1.0
22 silly currentTree   │ ├─┬ dateformat@1.0.12
22 silly currentTree   │ │ ├── get-stdin@4.0.1
22 silly currentTree   │ │ └─┬ meow@3.7.0
22 silly currentTree   │ │   ├─┬ camelcase-keys@2.1.0
22 silly currentTree   │ │   │ └── camelcase@2.1.1
22 silly currentTree   │ │   ├── decamelize@1.2.0
22 silly currentTree   │ │   ├─┬ loud-rejection@1.4.1
22 silly currentTree   │ │   │ ├─┬ currently-unhandled@0.4.1
22 silly currentTree   │ │   │ │ └── array-find-index@1.0.1
22 silly currentTree   │ │   │ └── signal-exit@2.1.2
22 silly currentTree   │ │   ├── map-obj@1.0.1
22 silly currentTree   │ │   ├─┬ normalize-package-data@2.3.5
22 silly currentTree   │ │   │ ├── hosted-git-info@2.1.5
22 silly currentTree   │ │   │ ├─┬ is-builtin-module@1.0.0
22 silly currentTree   │ │   │ │ └── builtin-modules@1.1.1
22 silly currentTree   │ │   │ └─┬ validate-npm-package-license@3.0.1
22 silly currentTree   │ │   │   ├─┬ spdx-correct@1.0.2
22 silly currentTree   │ │   │   │ └── spdx-license-ids@1.2.1
22 silly currentTree   │ │   │   └─┬ spdx-expression-parse@1.0.2
22 silly currentTree   │ │   │     ├── spdx-exceptions@1.0.4
22 silly currentTree   │ │   │     └── spdx-license-ids@1.2.1
22 silly currentTree   │ │   ├── object-assign@4.1.0
22 silly currentTree   │ │   ├─┬ read-pkg-up@1.0.1
22 silly currentTree   │ │   │ ├─┬ find-up@1.1.2
22 silly currentTree   │ │   │ │ ├── path-exists@2.1.0
22 silly currentTree   │ │   │ │ └─┬ pinkie-promise@2.0.1
22 silly currentTree   │ │   │ │   └── pinkie@2.0.4
22 silly currentTree   │ │   │ └─┬ read-pkg@1.1.0
22 silly currentTree   │ │   │   ├─┬ load-json-file@1.1.0
22 silly currentTree   │ │   │   │ ├── graceful-fs@4.1.4
22 silly currentTree   │ │   │   │ ├─┬ parse-json@2.2.0
22 silly currentTree   │ │   │   │ │ └─┬ error-ex@1.3.0
22 silly currentTree   │ │   │   │ │   └── is-arrayish@0.2.1
22 silly currentTree   │ │   │   │ ├── pify@2.3.0
22 silly currentTree   │ │   │   │ ├─┬ pinkie-promise@2.0.1
22 silly currentTree   │ │   │   │ │ └── pinkie@2.0.4
22 silly currentTree   │ │   │   │ └─┬ strip-bom@2.0.0
22 silly currentTree   │ │   │   │   └── is-utf8@0.2.1
22 silly currentTree   │ │   │   └─┬ path-type@1.1.0
22 silly currentTree   │ │   │     ├── graceful-fs@4.1.4
22 silly currentTree   │ │   │     ├── pify@2.3.0
22 silly currentTree   │ │   │     └─┬ pinkie-promise@2.0.1
22 silly currentTree   │ │   │       └── pinkie@2.0.4
22 silly currentTree   │ │   ├─┬ redent@1.0.0
22 silly currentTree   │ │   │ ├─┬ indent-string@2.1.0
22 silly currentTree   │ │   │ │ └─┬ repeating@2.0.1
22 silly currentTree   │ │   │ │   └─┬ is-finite@1.0.1
22 silly currentTree   │ │   │ │     └── number-is-nan@1.0.0
22 silly currentTree   │ │   │ └── strip-indent@1.0.1
22 silly currentTree   │ │   └── trim-newlines@1.0.0
22 silly currentTree   │ ├─┬ fancy-log@1.2.0
22 silly currentTree   │ │ └── time-stamp@1.0.1
22 silly currentTree   │ ├─┬ gulplog@1.0.0
22 silly currentTree   │ │ └─┬ glogg@1.0.0
22 silly currentTree   │ │   └── sparkles@1.0.0
22 silly currentTree   │ ├─┬ has-gulplog@0.1.0
22 silly currentTree   │ │ └── sparkles@1.0.0
22 silly currentTree   │ ├── lodash._reescape@3.0.0
22 silly currentTree   │ ├── lodash._reevaluate@3.0.0
22 silly currentTree   │ ├── lodash._reinterpolate@3.0.0
22 silly currentTree   │ ├─┬ lodash.template@3.6.2
22 silly currentTree   │ │ ├── lodash._basecopy@3.0.1
22 silly currentTree   │ │ ├── lodash._basetostring@3.0.1
22 silly currentTree   │ │ ├── lodash._basevalues@3.0.0
22 silly currentTree   │ │ ├── lodash._isiterateecall@3.0.9
22 silly currentTree   │ │ ├─┬ lodash.escape@3.2.0
22 silly currentTree   │ │ │ └── lodash._root@3.0.1
22 silly currentTree   │ │ ├─┬ lodash.keys@3.1.2
22 silly currentTree   │ │ │ ├── lodash._getnative@3.9.1
22 silly currentTree   │ │ │ ├── lodash.isarguments@3.0.8
22 silly currentTree   │ │ │ └── lodash.isarray@3.0.4
22 silly currentTree   │ │ ├── lodash.restparam@3.6.1
22 silly currentTree   │ │ └── lodash.templatesettings@3.1.1
22 silly currentTree   │ ├─┬ multipipe@0.1.2
22 silly currentTree   │ │ └─┬ duplexer2@0.0.2
22 silly currentTree   │ │   └─┬ readable-stream@1.1.14
22 silly currentTree   │ │     ├── core-util-is@1.0.2
22 silly currentTree   │ │     ├── inherits@2.0.1
22 silly currentTree   │ │     ├── isarray@0.0.1
22 silly currentTree   │ │     └── string_decoder@0.10.31
22 silly currentTree   │ ├── object-assign@3.0.0
22 silly currentTree   │ ├── replace-ext@0.0.1
22 silly currentTree   │ ├─┬ through2@2.0.1
22 silly currentTree   │ │ ├─┬ readable-stream@2.0.6
22 silly currentTree   │ │ │ ├── core-util-is@1.0.2
22 silly currentTree   │ │ │ ├── inherits@2.0.1
22 silly currentTree   │ │ │ ├── isarray@1.0.0
22 silly currentTree   │ │ │ ├── process-nextick-args@1.0.7
22 silly currentTree   │ │ │ ├── string_decoder@0.10.31
22 silly currentTree   │ │ │ └── util-deprecate@1.0.2
22 silly currentTree   │ │ └── xtend@4.0.1
22 silly currentTree   │ └─┬ vinyl@0.5.3
22 silly currentTree   │   ├── clone-stats@0.0.1
22 silly currentTree   │   └── clone@1.0.2
22 silly currentTree   ├── interpret@1.0.1
22 silly currentTree   ├─┬ liftoff@2.2.1
22 silly currentTree   │ ├── extend@2.0.1
22 silly currentTree   │ ├─┬ findup-sync@0.3.0
22 silly currentTree   │ │ └─┬ glob@5.0.15
22 silly currentTree   │ │   ├─┬ inflight@1.0.5
22 silly currentTree   │ │   │ └── wrappy@1.0.2
22 silly currentTree   │ │   ├── inherits@2.0.1
22 silly currentTree   │ │   ├─┬ minimatch@3.0.0
22 silly currentTree   │ │   │ └─┬ brace-expansion@1.1.4
22 silly currentTree   │ │   │   ├── balanced-match@0.4.1
22 silly currentTree   │ │   │   └── concat-map@0.0.1
22 silly currentTree   │ │   ├─┬ once@1.3.3
22 silly currentTree   │ │   │ └── wrappy@1.0.2
22 silly currentTree   │ │   └── path-is-absolute@1.0.0
22 silly currentTree   │ ├── flagged-respawn@0.3.2
22 silly currentTree   │ ├── rechoir@0.6.2
22 silly currentTree   │ └── resolve@1.1.7
22 silly currentTree   ├── minimist@1.2.0
22 silly currentTree   ├─┬ orchestrator@0.3.7
22 silly currentTree   │ ├─┬ end-of-stream@0.1.5
22 silly currentTree   │ │ └─┬ once@1.3.3
22 silly currentTree   │ │   └── wrappy@1.0.2
22 silly currentTree   │ ├── sequencify@0.0.7
22 silly currentTree   │ └── stream-consume@0.1.0
22 silly currentTree   ├── pretty-hrtime@1.0.2
22 silly currentTree   ├── semver@4.3.6
22 silly currentTree   ├─┬ tildify@1.2.0
22 silly currentTree   │ └── os-homedir@1.0.1
22 silly currentTree   ├─┬ v8flags@2.0.11
22 silly currentTree   │ └── user-home@1.1.1
22 silly currentTree   └─┬ vinyl-fs@0.3.14
22 silly currentTree     ├─┬ defaults@1.0.3
22 silly currentTree     │ └── clone@1.0.2
22 silly currentTree     ├─┬ glob-stream@3.1.18
22 silly currentTree     │ ├─┬ glob@4.5.3
22 silly currentTree     │ │ ├─┬ inflight@1.0.5
22 silly currentTree     │ │ │ └── wrappy@1.0.2
22 silly currentTree     │ │ ├── inherits@2.0.1
22 silly currentTree     │ │ └─┬ once@1.3.3
22 silly currentTree     │ │   └── wrappy@1.0.2
22 silly currentTree     │ ├─┬ glob2base@0.0.12
22 silly currentTree     │ │ └── find-index@0.1.1
22 silly currentTree     │ ├─┬ minimatch@2.0.10
22 silly currentTree     │ │ └─┬ brace-expansion@1.1.4
22 silly currentTree     │ │   ├── balanced-match@0.4.1
22 silly currentTree     │ │   └── concat-map@0.0.1
22 silly currentTree     │ ├── ordered-read-streams@0.1.0
22 silly currentTree     │ └── unique-stream@1.0.0
22 silly currentTree     ├─┬ glob-watcher@0.0.6
22 silly currentTree     │ └─┬ gaze@0.5.2
22 silly currentTree     │   └─┬ globule@0.1.0
22 silly currentTree     │     ├─┬ glob@3.1.21
22 silly currentTree     │     │ ├── graceful-fs@1.2.3
22 silly currentTree     │     │ └── inherits@1.0.2
22 silly currentTree     │     ├── lodash@1.0.2
22 silly currentTree     │     └─┬ minimatch@0.2.14
22 silly currentTree     │       ├── lru-cache@2.7.3
22 silly currentTree     │       └── sigmund@1.0.1
22 silly currentTree     ├── graceful-fs@3.0.8
22 silly currentTree     ├─┬ mkdirp@0.5.1
22 silly currentTree     │ └── minimist@0.0.8
22 silly currentTree     ├─┬ strip-bom@1.0.0
22 silly currentTree     │ ├── first-chunk-stream@1.0.0
22 silly currentTree     │ └── is-utf8@0.2.1
22 silly currentTree     ├─┬ through2@0.6.5
22 silly currentTree     │ ├─┬ readable-stream@1.0.34
22 silly currentTree     │ │ ├── core-util-is@1.0.2
22 silly currentTree     │ │ ├── inherits@2.0.1
22 silly currentTree     │ │ ├── isarray@0.0.1
22 silly currentTree     │ │ └── string_decoder@0.10.31
22 silly currentTree     │ └── xtend@4.0.1
22 silly currentTree     └─┬ vinyl@0.4.6
22 silly currentTree       ├── clone-stats@0.0.1
22 silly currentTree       └── clone@0.2.0
23 silly idealTree lib
24 silly generateActionsToTake Starting
25 silly install generateActionsToTake
26 warn checkPermissions Missing write access to /usr/local/lib/node_modules/gulp/node_modules/archy
27 warn checkPermissions Missing write access to /usr/local/lib/node_modules/gulp/node_modules/chalk/node_modules/ansi-styles
28 warn checkPermissions Missing write access to /usr/local/lib/node_modules/gulp/node_modules/chalk/node_modules/escape-string-regexp
29 warn checkPermissions Missing write access to /usr/local/lib/node_modules/gulp/node_modules/chalk/node_modules/has-ansi/node_modules/ansi-regex
30 warn checkPermissions Missing write access to /usr/local/lib/node_modules/gulp/node_modules/chalk/node_modules/has-ansi
31 warn checkPermissions Missing write access to /usr/local/lib/node_modules/gulp/node_modules/chalk/node_modules/strip-ansi/node_modules/ansi-regex
32 warn checkPermissions Missing write access to /usr/local/lib/node_modules/gulp/node_modules/chalk/node_modules/strip-ansi
33 warn checkPermissions Missing write access to /usr/local/lib/node_modules/gulp/node_modules/chalk/node_modules/supports-color
34 warn checkPermissions Missing write access to /usr/local/lib/node_modules/gulp/node_modules/chalk
35 warn checkPermissions Missing write access to /usr/local/lib/node_modules/gulp/node_modules/deprecated
36 warn checkPermissions Missing write access to /usr/local/lib/node_modules/gulp/node_modules/gulp-util/node_modules/array-differ
37 warn checkPermissions Missing write access to /usr/local/lib/node_modules/gulp/node_modules/gulp-util/node_modules/array-uniq
38 warn checkPermissions Missing write access to /usr/local/lib/node_modules/gulp/node_modules/gulp-util/node_modules/beeper
39 warn checkPermissions Missing write access to /usr/local/lib/node_modules/gulp/node_modules/gulp-util/node_modules/dateformat/node_modules/get-stdin
40 warn checkPermissions Missing write access to /usr/local/lib/node_modules/gulp/node_modules/gulp-util/node_modules/dateformat/node_modules/meow/node_modules/camelcase-keys/node_modules/camelcase
41 warn checkPermissions Missing write access to /usr/local/lib/node_modules/gulp/node_modules/gulp-util/node_modules/dateformat/node_modules/meow/node_modules/decamelize
42 warn checkPermissions Missing write access to /usr/local/lib/node_modules/gulp/node_modules/gulp-util/node_modules/dateformat/node_modules/meow/node_modules/loud-rejection/node_modules/currently-unhandled/node_modules/array-find-index
43 warn checkPermissions Missing write access to /usr/local/lib/node_modules/gulp/node_modules/gulp-util/node_modules/dateformat/node_modules/meow/node_modules/loud-rejection/node_modules/currently-unhandled
44 warn checkPermissions Missing write access to /usr/local/lib/node_modules/gulp/node_modules/gulp-util/node_modules/dateformat/node_modules/meow/node_modules/loud-rejection/node_modules/signal-exit
45 warn checkPermissions Missing write access to /usr/local/lib/node_modules/gulp/node_modules/gulp-util/node_modules/dateformat/node_modules/meow/node_modules/loud-rejection
46 warn checkPermissions Missing write access to /usr/local/lib/node_modules/gulp/node_modules/gulp-util/node_modules/dateformat/node_modules/meow/node_modules/map-obj
47 warn checkPermissions Missing write access to /usr/local/lib/node_modules/gulp/node_modules/gulp-util/node_modules/dateformat/node_modules/meow/node_modules/camelcase-keys
48 warn checkPermissions Missing write access to /usr/local/lib/node_modules/gulp/node_modules/gulp-util/node_modules/dateformat/node_modules/meow/node_modules/normalize-package-data/node_modules/hosted-git-info
49 warn checkPermissions Missing write access to /usr/local/lib/node_modules/gulp/node_modules/gulp-util/node_modules/dateformat/node_modules/meow/node_modules/normalize-package-data/node_modules/is-builtin-module/node_modules/builtin-modules
50 warn checkPermissions Missing write access to /usr/local/lib/node_modules/gulp/node_modules/gulp-util/node_modules/dateformat/node_modules/meow/node_modules/normalize-package-data/node_modules/is-builtin-module
51 warn checkPermissions Missing write access to /usr/local/lib/node_modules/gulp/node_modules/gulp-util/node_modules/dateformat/node_modules/meow/node_modules/normalize-package-data/node_modules/validate-npm-package-license/node_modules/spdx-correct
52 warn checkPermissions Missing write access to /usr/local/lib/node_modules/gulp/node_modules/gulp-util/node_modules/dateformat/node_modules/meow/node_modules/normalize-package-data/node_modules/validate-npm-package-license/node_modules/spdx-correct/node_modules/spdx-license-ids
53 warn checkPermissions Missing write access to /usr/local/lib/node_modules/gulp/node_modules/gulp-util/node_modules/dateformat/node_modules/meow/node_modules/normalize-package-data/node_modules/validate-npm-package-license/node_modules/spdx-expression-parse/node_modules/spdx-exceptions
54 warn checkPermissions Missing write access to /usr/local/lib/node_modules/gulp/node_modules/gulp-util/node_modules/dateformat/node_modules/meow/node_modules/normalize-package-data/node_modules/validate-npm-package-license/node_modules/spdx-expression-parse/node_modules/spdx-license-ids
55 warn checkPermissions Missing write access to /usr/local/lib/node_modules/gulp/node_modules/gulp-util/node_modules/dateformat/node_modules/meow/node_modules/normalize-package-data/node_modules/validate-npm-package-license/node_modules/spdx-expression-parse
56 warn checkPermissions Missing write access to /usr/local/lib/node_modules/gulp/node_modules/gulp-util/node_modules/dateformat/node_modules/meow/node_modules/normalize-package-data/node_modules/validate-npm-package-license
57 warn checkPermissions Missing write access to /usr/local/lib/node_modules/gulp/node_modules/gulp-util/node_modules/dateformat/node_modules/meow/node_modules/object-assign
58 warn checkPermissions Missing write access to /usr/local/lib/node_modules/gulp/node_modules/gulp-util/node_modules/dateformat/node_modules/meow/node_modules/read-pkg-up/node_modules/find-up/node_modules/pinkie-promise/node_modules/pinkie
59 warn checkPermissions Missing write access to /usr/local/lib/node_modules/gulp/node_modules/gulp-util/node_modules/dateformat/node_modules/meow/node_modules/read-pkg-up/node_modules/find-up/node_modules/pinkie-promise
60 warn checkPermissions Missing write access to /usr/local/lib/node_modules/gulp/node_modules/gulp-util/node_modules/dateformat/node_modules/meow/node_modules/read-pkg-up/node_modules/find-up/node_modules/path-exists
61 warn checkPermissions Missing write access to /usr/local/lib/node_modules/gulp/node_modules/gulp-util/node_modules/dateformat/node_modules/meow/node_modules/read-pkg-up/node_modules/find-up
62 warn checkPermissions Missing write access to /usr/local/lib/node_modules/gulp/node_modules/gulp-util/node_modules/dateformat/node_modules/meow/node_modules/read-pkg-up/node_modules/read-pkg/node_modules/load-json-file/node_modules/graceful-fs
63 warn checkPermissions Missing write access to /usr/local/lib/node_modules/gulp/node_modules/gulp-util/node_modules/dateformat/node_modules/meow/node_modules/read-pkg-up/node_modules/read-pkg/node_modules/load-json-file/node_modules/parse-json/node_modules/error-ex/node_modules/is-arrayish
64 warn checkPermissions Missing write access to /usr/local/lib/node_modules/gulp/node_modules/gulp-util/node_modules/dateformat/node_modules/meow/node_modules/read-pkg-up/node_modules/read-pkg/node_modules/load-json-file/node_modules/parse-json/node_modules/error-ex
65 warn checkPermissions Missing write access to /usr/local/lib/node_modules/gulp/node_modules/gulp-util/node_modules/dateformat/node_modules/meow/node_modules/read-pkg-up/node_modules/read-pkg/node_modules/load-json-file/node_modules/parse-json
66 warn checkPermissions Missing write access to /usr/local/lib/node_modules/gulp/node_modules/gulp-util/node_modules/dateformat/node_modules/meow/node_modules/read-pkg-up/node_modules/read-pkg/node_modules/load-json-file/node_modules/pify
67 warn checkPermissions Missing write access to /usr/local/lib/node_modules/gulp/node_modules/gulp-util/node_modules/dateformat/node_modules/meow/node_modules/read-pkg-up/node_modules/read-pkg/node_modules/load-json-file/node_modules/pinkie-promise/node_modules/pinkie
68 warn checkPermissions Missing write access to /usr/local/lib/node_modules/gulp/node_modules/gulp-util/node_modules/dateformat/node_modules/meow/node_modules/read-pkg-up/node_modules/read-pkg/node_modules/load-json-file/node_modules/pinkie-promise
69 warn checkPermissions Missing write access to /usr/local/lib/node_modules/gulp/node_modules/gulp-util/node_modules/dateformat/node_modules/meow/node_modules/read-pkg-up/node_modules/read-pkg/node_modules/load-json-file/node_modules/strip-bom/node_modules/is-utf8
70 warn checkPermissions Missing write access to /usr/local/lib/node_modules/gulp/node_modules/gulp-util/node_modules/dateformat/node_modules/meow/node_modules/read-pkg-up/node_modules/read-pkg/node_modules/load-json-file/node_modules/strip-bom
71 warn checkPermissions Missing write access to /usr/local/lib/node_modules/gulp/node_modules/gulp-util/node_modules/dateformat/node_modules/meow/node_modules/read-pkg-up/node_modules/read-pkg/node_modules/load-json-file
72 warn checkPermissions Missing write access to /usr/local/lib/node_modules/gulp/node_modules/gulp-util/node_modules/dateformat/node_modules/meow/node_modules/read-pkg-up/node_modules/read-pkg/node_modules/path-type/node_modules/graceful-fs
73 warn checkPermissions Missing write access to /usr/local/lib/node_modules/gulp/node_modules/gulp-util/node_modules/dateformat/node_modules/meow/node_modules/read-pkg-up/node_modules/read-pkg/node_modules/path-type/node_modules/pify
74 warn checkPermissions Missing write access to /usr/local/lib/node_modules/gulp/node_modules/gulp-util/node_modules/dateformat/node_modules/meow/node_modules/read-pkg-up/node_modules/read-pkg/node_modules/path-type/node_modules/pinkie-promise/node_modules/pinkie
75 warn checkPermissions Missing write access to /usr/local/lib/node_modules/gulp/node_modules/gulp-util/node_modules/dateformat/node_modules/meow/node_modules/read-pkg-up/node_modules/read-pkg/node_modules/path-type/node_modules/pinkie-promise
76 warn checkPermissions Missing write access to /usr/local/lib/node_modules/gulp/node_modules/gulp-util/node_modules/dateformat/node_modules/meow/node_modules/read-pkg-up/node_modules/read-pkg/node_modules/path-type
77 warn checkPermissions Missing write access to /usr/local/lib/node_modules/gulp/node_modules/gulp-util/node_modules/dateformat/node_modules/meow/node_modules/redent/node_modules/indent-string/node_modules/repeating/node_modules/is-finite/node_modules/number-is-nan
78 warn checkPermissions Missing write access to /usr/local/lib/node_modules/gulp/node_modules/gulp-util/node_modules/dateformat/node_modules/meow/node_modules/redent/node_modules/indent-string/node_modules/repeating/node_modules/is-finite
79 warn checkPermissions Missing write access to /usr/local/lib/node_modules/gulp/node_modules/gulp-util/node_modules/dateformat/node_modules/meow/node_modules/redent/node_modules/indent-string/node_modules/repeating
80 warn checkPermissions Missing write access to /usr/local/lib/node_modules/gulp/node_modules/gulp-util/node_modules/dateformat/node_modules/meow/node_modules/redent/node_modules/indent-string
81 warn checkPermissions Missing write access to /usr/local/lib/node_modules/gulp/node_modules/gulp-util/node_modules/dateformat/node_modules/meow/node_modules/redent/node_modules/strip-indent
82 warn checkPermissions Missing write access to /usr/local/lib/node_modules/gulp/node_modules/gulp-util/node_modules/dateformat/node_modules/meow/node_modules/redent
83 warn checkPermissions Missing write access to /usr/local/lib/node_modules/gulp/node_modules/gulp-util/node_modules/dateformat/node_modules/meow/node_modules/trim-newlines
84 warn checkPermissions Missing write access to /usr/local/lib/node_modules/gulp/node_modules/gulp-util/node_modules/fancy-log/node_modules/time-stamp
85 warn checkPermissions Missing write access to /usr/local/lib/node_modules/gulp/node_modules/gulp-util/node_modules/fancy-log
86 warn checkPermissions Missing write access to /usr/local/lib/node_modules/gulp/node_modules/gulp-util/node_modules/gulplog/node_modules/glogg/node_modules/sparkles
87 warn checkPermissions Missing write access to /usr/local/lib/node_modules/gulp/node_modules/gulp-util/node_modules/gulplog
88 warn checkPermissions Missing write access to /usr/local/lib/node_modules/gulp/node_modules/gulp-util/node_modules/gulplog/node_modules/glogg
89 warn checkPermissions Missing write access to /usr/local/lib/node_modules/gulp/node_modules/gulp-util/node_modules/has-gulplog/node_modules/sparkles
90 warn checkPermissions Missing write access to /usr/local/lib/node_modules/gulp/node_modules/gulp-util/node_modules/has-gulplog
91 warn checkPermissions Missing write access to /usr/local/lib/node_modules/gulp/node_modules/gulp-util/node_modules/lodash._reevaluate
92 warn checkPermissions Missing write access to /usr/local/lib/node_modules/gulp/node_modules/gulp-util/node_modules/lodash._reescape
93 warn checkPermissions Missing write access to /usr/local/lib/node_modules/gulp/node_modules/gulp-util/node_modules/lodash._reinterpolate
94 warn checkPermissions Missing write access to /usr/local/lib/node_modules/gulp/node_modules/gulp-util/node_modules/lodash.template/node_modules/lodash._basecopy
95 warn checkPermissions Missing write access to /usr/local/lib/node_modules/gulp/node_modules/gulp-util/node_modules/lodash.template/node_modules/lodash._basetostring
96 warn checkPermissions Missing write access to /usr/local/lib/node_modules/gulp/node_modules/gulp-util/node_modules/lodash.template/node_modules/lodash._isiterateecall
97 warn checkPermissions Missing write access to /usr/local/lib/node_modules/gulp/node_modules/gulp-util/node_modules/lodash.template/node_modules/lodash._basevalues
98 warn checkPermissions Missing write access to /usr/local/lib/node_modules/gulp/node_modules/gulp-util/node_modules/lodash.template/node_modules/lodash.escape/node_modules/lodash._root
99 warn checkPermissions Missing write access to /usr/local/lib/node_modules/gulp/node_modules/gulp-util/node_modules/lodash.template/node_modules/lodash.escape
100 warn checkPermissions Missing write access to /usr/local/lib/node_modules/gulp/node_modules/gulp-util/node_modules/lodash.template/node_modules/lodash.keys/node_modules/lodash._getnative
101 warn checkPermissions Missing write access to /usr/local/lib/node_modules/gulp/node_modules/gulp-util/node_modules/lodash.template/node_modules/lodash.keys/node_modules/lodash.isarray
102 warn checkPermissions Missing write access to /usr/local/lib/node_modules/gulp/node_modules/gulp-util/node_modules/lodash.template/node_modules/lodash.keys/node_modules/lodash.isarguments
103 warn checkPermissions Missing write access to /usr/local/lib/node_modules/gulp/node_modules/gulp-util/node_modules/lodash.template/node_modules/lodash.keys
104 warn checkPermissions Missing write access to /usr/local/lib/node_modules/gulp/node_modules/gulp-util/node_modules/lodash.template/node_modules/lodash.restparam
105 warn checkPermissions Missing write access to /usr/local/lib/node_modules/gulp/node_modules/gulp-util/node_modules/lodash.template/node_modules/lodash.templatesettings
106 warn checkPermissions Missing write access to /usr/local/lib/node_modules/gulp/node_modules/gulp-util/node_modules/lodash.template
107 warn checkPermissions Missing write access to /usr/local/lib/node_modules/gulp/node_modules/gulp-util/node_modules/multipipe/node_modules/duplexer2/node_modules/readable-stream/node_modules/core-util-is
108 warn checkPermissions Missing write access to /usr/local/lib/node_modules/gulp/node_modules/gulp-util/node_modules/multipipe/node_modules/duplexer2/node_modules/readable-stream/node_modules/inherits
109 warn checkPermissions Missing write access to /usr/local/lib/node_modules/gulp/node_modules/gulp-util/node_modules/multipipe/node_modules/duplexer2/node_modules/readable-stream/node_modules/isarray
110 warn checkPermissions Missing write access to /usr/local/lib/node_modules/gulp/node_modules/gulp-util/node_modules/multipipe/node_modules/duplexer2/node_modules/readable-stream/node_modules/string_decoder
111 warn checkPermissions Missing write access to /usr/local/lib/node_modules/gulp/node_modules/gulp-util/node_modules/multipipe/node_modules/duplexer2/node_modules/readable-stream
112 warn checkPermissions Missing write access to /usr/local/lib/node_modules/gulp/node_modules/gulp-util/node_modules/multipipe/node_modules/duplexer2
113 warn checkPermissions Missing write access to /usr/local/lib/node_modules/gulp/node_modules/gulp-util/node_modules/multipipe
114 warn checkPermissions Missing write access to /usr/local/lib/node_modules/gulp/node_modules/gulp-util/node_modules/object-assign
115 warn checkPermissions Missing write access to /usr/local/lib/node_modules/gulp/node_modules/gulp-util/node_modules/replace-ext
116 warn checkPermissions Missing write access to /usr/local/lib/node_modules/gulp/node_modules/gulp-util/node_modules/through2/node_modules/readable-stream/node_modules/inherits
117 warn checkPermissions Missing write access to /usr/local/lib/node_modules/gulp/node_modules/gulp-util/node_modules/through2/node_modules/readable-stream/node_modules/core-util-is
118 warn checkPermissions Missing write access to /usr/local/lib/node_modules/gulp/node_modules/gulp-util/node_modules/through2/node_modules/readable-stream/node_modules/isarray
119 warn checkPermissions Missing write access to /usr/local/lib/node_modules/gulp/node_modules/gulp-util/node_modules/through2/node_modules/readable-stream/node_modules/process-nextick-args
120 warn checkPermissions Missing write access to /usr/local/lib/node_modules/gulp/node_modules/gulp-util/node_modules/through2/node_modules/readable-stream/node_modules/string_decoder
121 warn checkPermissions Missing write access to /usr/local/lib/node_modules/gulp/node_modules/gulp-util/node_modules/through2/node_modules/readable-stream/node_modules/util-deprecate
122 warn checkPermissions Missing write access to /usr/local/lib/node_modules/gulp/node_modules/gulp-util/node_modules/through2/node_modules/readable-stream
123 warn checkPermissions Missing write access to /usr/local/lib/node_modules/gulp/node_modules/gulp-util/node_modules/through2/node_modules/xtend
124 warn checkPermissions Missing write access to /usr/local/lib/node_modules/gulp/node_modules/gulp-util/node_modules/through2
125 warn checkPermissions Missing write access to /usr/local/lib/node_modules/gulp/node_modules/gulp-util/node_modules/vinyl/node_modules/clone
126 warn checkPermissions Missing write access to /usr/local/lib/node_modules/gulp/node_modules/gulp-util/node_modules/vinyl/node_modules/clone-stats
127 warn checkPermissions Missing write access to /usr/local/lib/node_modules/gulp/node_modules/gulp-util/node_modules/vinyl
128 warn checkPermissions Missing write access to /usr/local/lib/node_modules/gulp/node_modules/interpret
129 warn checkPermissions Missing write access to /usr/local/lib/node_modules/gulp/node_modules/liftoff/node_modules/extend
130 warn checkPermissions Missing write access to /usr/local/lib/node_modules/gulp/node_modules/liftoff/node_modules/findup-sync/node_modules/glob/node_modules/inflight/node_modules/wrappy
131 warn checkPermissions Missing write access to /usr/local/lib/node_modules/gulp/node_modules/liftoff/node_modules/findup-sync/node_modules/glob/node_modules/inherits
132 warn checkPermissions Missing write access to /usr/local/lib/node_modules/gulp/node_modules/liftoff/node_modules/findup-sync/node_modules/glob/node_modules/minimatch/node_modules/brace-expansion/node_modules/balanced-match
133 warn checkPermissions Missing write access to /usr/local/lib/node_modules/gulp/node_modules/liftoff/node_modules/findup-sync/node_modules/glob/node_modules/minimatch/node_modules/brace-expansion/node_modules/concat-map
134 warn checkPermissions Missing write access to /usr/local/lib/node_modules/gulp/node_modules/liftoff/node_modules/findup-sync/node_modules/glob/node_modules/minimatch/node_modules/brace-expansion
135 warn checkPermissions Missing write access to /usr/local/lib/node_modules/gulp/node_modules/liftoff/node_modules/findup-sync/node_modules/glob/node_modules/minimatch
136 warn checkPermissions Missing write access to /usr/local/lib/node_modules/gulp/node_modules/liftoff/node_modules/findup-sync/node_modules/glob/node_modules/once/node_modules/wrappy
137 warn checkPermissions Missing write access to /usr/local/lib/node_modules/gulp/node_modules/liftoff/node_modules/findup-sync/node_modules/glob/node_modules/once
138 warn checkPermissions Missing write access to /usr/local/lib/node_modules/gulp/node_modules/liftoff/node_modules/findup-sync/node_modules/glob/node_modules/inflight
139 warn checkPermissions Missing write access to /usr/local/lib/node_modules/gulp/node_modules/liftoff/node_modules/findup-sync/node_modules/glob/node_modules/path-is-absolute
140 warn checkPermissions Missing write access to /usr/local/lib/node_modules/gulp/node_modules/liftoff/node_modules/findup-sync/node_modules/glob
141 warn checkPermissions Missing write access to /usr/local/lib/node_modules/gulp/node_modules/liftoff/node_modules/findup-sync
142 warn checkPermissions Missing write access to /usr/local/lib/node_modules/gulp/node_modules/liftoff/node_modules/flagged-respawn
143 warn checkPermissions Missing write access to /usr/local/lib/node_modules/gulp/node_modules/liftoff/node_modules/resolve
144 warn checkPermissions Missing write access to /usr/local/lib/node_modules/gulp/node_modules/liftoff/node_modules/rechoir
145 warn checkPermissions Missing write access to /usr/local/lib/node_modules/gulp/node_modules/liftoff
146 warn checkPermissions Missing write access to /usr/local/lib/node_modules/gulp/node_modules/minimist
147 warn checkPermissions Missing write access to /usr/local/lib/node_modules/gulp/node_modules/orchestrator/node_modules/end-of-stream/node_modules/once/node_modules/wrappy
148 warn checkPermissions Missing write access to /usr/local/lib/node_modules/gulp/node_modules/orchestrator/node_modules/end-of-stream/node_modules/once
149 warn checkPermissions Missing write access to /usr/local/lib/node_modules/gulp/node_modules/orchestrator/node_modules/end-of-stream
150 warn checkPermissions Missing write access to /usr/local/lib/node_modules/gulp/node_modules/orchestrator/node_modules/sequencify
151 warn checkPermissions Missing write access to /usr/local/lib/node_modules/gulp/node_modules/orchestrator/node_modules/stream-consume
152 warn checkPermissions Missing write access to /usr/local/lib/node_modules/gulp/node_modules/orchestrator
153 warn checkPermissions Missing write access to /usr/local/lib/node_modules/gulp/node_modules/pretty-hrtime
154 warn checkPermissions Missing write access to /usr/local/lib/node_modules/gulp/node_modules/semver
155 warn checkPermissions Missing write access to /usr/local/lib/node_modules/gulp/node_modules/gulp-util/node_modules/dateformat/node_modules/meow/node_modules/normalize-package-data
156 warn checkPermissions Missing write access to /usr/local/lib/node_modules/gulp/node_modules/gulp-util/node_modules/dateformat/node_modules/meow/node_modules/read-pkg-up/node_modules/read-pkg
157 warn checkPermissions Missing write access to /usr/local/lib/node_modules/gulp/node_modules/gulp-util/node_modules/dateformat/node_modules/meow/node_modules/read-pkg-up
158 warn checkPermissions Missing write access to /usr/local/lib/node_modules/gulp/node_modules/gulp-util/node_modules/dateformat/node_modules/meow
159 warn checkPermissions Missing write access to /usr/local/lib/node_modules/gulp/node_modules/gulp-util/node_modules/dateformat
160 warn checkPermissions Missing write access to /usr/local/lib/node_modules/gulp/node_modules/gulp-util
161 warn checkPermissions Missing write access to /usr/local/lib/node_modules/gulp/node_modules/tildify/node_modules/os-homedir
162 warn checkPermissions Missing write access to /usr/local/lib/node_modules/gulp/node_modules/tildify
163 warn checkPermissions Missing write access to /usr/local/lib/node_modules/gulp/node_modules/v8flags/node_modules/user-home
164 warn checkPermissions Missing write access to /usr/local/lib/node_modules/gulp/node_modules/v8flags
165 warn checkPermissions Missing write access to /usr/local/lib/node_modules/gulp/node_modules/vinyl-fs/node_modules/defaults/node_modules/clone
166 warn checkPermissions Missing write access to /usr/local/lib/node_modules/gulp/node_modules/vinyl-fs/node_modules/defaults
167 warn checkPermissions Missing write access to /usr/local/lib/node_modules/gulp/node_modules/vinyl-fs/node_modules/glob-stream/node_modules/glob/node_modules/inflight/node_modules/wrappy
168 warn checkPermissions Missing write access to /usr/local/lib/node_modules/gulp/node_modules/vinyl-fs/node_modules/glob-stream/node_modules/glob/node_modules/inherits
169 warn checkPermissions Missing write access to /usr/local/lib/node_modules/gulp/node_modules/vinyl-fs/node_modules/glob-stream/node_modules/glob/node_modules/once/node_modules/wrappy
170 warn checkPermissions Missing write access to /usr/local/lib/node_modules/gulp/node_modules/vinyl-fs/node_modules/glob-stream/node_modules/glob/node_modules/once
171 warn checkPermissions Missing write access to /usr/local/lib/node_modules/gulp/node_modules/vinyl-fs/node_modules/glob-stream/node_modules/glob/node_modules/inflight
172 warn checkPermissions Missing write access to /usr/local/lib/node_modules/gulp/node_modules/vinyl-fs/node_modules/glob-stream/node_modules/glob2base/node_modules/find-index
173 warn checkPermissions Missing write access to /usr/local/lib/node_modules/gulp/node_modules/vinyl-fs/node_modules/glob-stream/node_modules/glob2base
174 warn checkPermissions Missing write access to /usr/local/lib/node_modules/gulp/node_modules/vinyl-fs/node_modules/glob-stream/node_modules/minimatch/node_modules/brace-expansion/node_modules/balanced-match
175 warn checkPermissions Missing write access to /usr/local/lib/node_modules/gulp/node_modules/vinyl-fs/node_modules/glob-stream/node_modules/minimatch/node_modules/brace-expansion/node_modules/concat-map
176 warn checkPermissions Missing write access to /usr/local/lib/node_modules/gulp/node_modules/vinyl-fs/node_modules/glob-stream/node_modules/minimatch/node_modules/brace-expansion
177 warn checkPermissions Missing write access to /usr/local/lib/node_modules/gulp/node_modules/vinyl-fs/node_modules/glob-stream/node_modules/minimatch
178 warn checkPermissions Missing write access to /usr/local/lib/node_modules/gulp/node_modules/vinyl-fs/node_modules/glob-stream/node_modules/glob
179 warn checkPermissions Missing write access to /usr/local/lib/node_modules/gulp/node_modules/vinyl-fs/node_modules/glob-stream/node_modules/ordered-read-streams
180 warn checkPermissions Missing write access to /usr/local/lib/node_modules/gulp/node_modules/vinyl-fs/node_modules/glob-stream/node_modules/unique-stream
181 warn checkPermissions Missing write access to /usr/local/lib/node_modules/gulp/node_modules/vinyl-fs/node_modules/glob-watcher/node_modules/gaze/node_modules/globule/node_modules/glob/node_modules/graceful-fs
182 warn checkPermissions Missing write access to /usr/local/lib/node_modules/gulp/node_modules/vinyl-fs/node_modules/glob-watcher/node_modules/gaze/node_modules/globule/node_modules/glob/node_modules/inherits
183 warn checkPermissions Missing write access to /usr/local/lib/node_modules/gulp/node_modules/vinyl-fs/node_modules/glob-watcher/node_modules/gaze/node_modules/globule/node_modules/lodash
184 warn checkPermissions Missing write access to /usr/local/lib/node_modules/gulp/node_modules/vinyl-fs/node_modules/glob-watcher/node_modules/gaze/node_modules/globule/node_modules/minimatch/node_modules/lru-cache
185 warn checkPermissions Missing write access to /usr/local/lib/node_modules/gulp/node_modules/vinyl-fs/node_modules/glob-watcher/node_modules/gaze/node_modules/globule/node_modules/minimatch/node_modules/sigmund
186 warn checkPermissions Missing write access to /usr/local/lib/node_modules/gulp/node_modules/vinyl-fs/node_modules/glob-watcher/node_modules/gaze/node_modules/globule/node_modules/minimatch
187 warn checkPermissions Missing write access to /usr/local/lib/node_modules/gulp/node_modules/vinyl-fs/node_modules/glob-watcher/node_modules/gaze/node_modules/globule/node_modules/glob
188 warn checkPermissions Missing write access to /usr/local/lib/node_modules/gulp/node_modules/vinyl-fs/node_modules/glob-watcher/node_modules/gaze/node_modules/globule
189 warn checkPermissions Missing write access to /usr/local/lib/node_modules/gulp/node_modules/vinyl-fs/node_modules/glob-watcher/node_modules/gaze
190 warn checkPermissions Missing write access to /usr/local/lib/node_modules/gulp/node_modules/vinyl-fs/node_modules/glob-watcher
191 warn checkPermissions Missing write access to /usr/local/lib/node_modules/gulp/node_modules/vinyl-fs/node_modules/graceful-fs
192 warn checkPermissions Missing write access to /usr/local/lib/node_modules/gulp/node_modules/vinyl-fs/node_modules/mkdirp/node_modules/minimist
193 warn checkPermissions Missing write access to /usr/local/lib/node_modules/gulp/node_modules/vinyl-fs/node_modules/mkdirp
194 warn checkPermissions Missing write access to /usr/local/lib/node_modules/gulp/node_modules/vinyl-fs/node_modules/strip-bom/node_modules/first-chunk-stream
195 warn checkPermissions Missing write access to /usr/local/lib/node_modules/gulp/node_modules/vinyl-fs/node_modules/strip-bom/node_modules/is-utf8
196 warn checkPermissions Missing write access to /usr/local/lib/node_modules/gulp/node_modules/vinyl-fs/node_modules/strip-bom
197 warn checkPermissions Missing write access to /usr/local/lib/node_modules/gulp/node_modules/vinyl-fs/node_modules/through2/node_modules/readable-stream/node_modules/core-util-is
198 warn checkPermissions Missing write access to /usr/local/lib/node_modules/gulp/node_modules/vinyl-fs/node_modules/through2/node_modules/readable-stream/node_modules/inherits
199 warn checkPermissions Missing write access to /usr/local/lib/node_modules/gulp/node_modules/vinyl-fs/node_modules/through2/node_modules/readable-stream/node_modules/isarray
200 warn checkPermissions Missing write access to /usr/local/lib/node_modules/gulp/node_modules/vinyl-fs/node_modules/through2/node_modules/readable-stream/node_modules/string_decoder
201 warn checkPermissions Missing write access to /usr/local/lib/node_modules/gulp/node_modules/vinyl-fs/node_modules/through2/node_modules/readable-stream
202 warn checkPermissions Missing write access to /usr/local/lib/node_modules/gulp/node_modules/vinyl-fs/node_modules/through2/node_modules/xtend
203 warn checkPermissions Missing write access to /usr/local/lib/node_modules/gulp/node_modules/vinyl-fs/node_modules/through2
204 warn checkPermissions Missing write access to /usr/local/lib/node_modules/gulp/node_modules/vinyl-fs/node_modules/glob-stream
205 warn checkPermissions Missing write access to /usr/local/lib/node_modules/gulp/node_modules/vinyl-fs/node_modules/vinyl/node_modules/clone
206 warn checkPermissions Missing write access to /usr/local/lib/node_modules/gulp/node_modules/vinyl-fs/node_modules/vinyl/node_modules/clone-stats
207 warn checkPermissions Missing write access to /usr/local/lib/node_modules/gulp/node_modules/vinyl-fs/node_modules/vinyl
208 warn checkPermissions Missing write access to /usr/local/lib/node_modules/gulp/node_modules/vinyl-fs
209 warn checkPermissions Missing write access to /usr/local/lib/node_modules/gulp
210 warn checkPermissions Missing write access to /usr/local/lib/node_modules/gulp/node_modules
211 warn checkPermissions Missing write access to /usr/local/lib/node_modules/gulp/node_modules/chalk/node_modules
212 warn checkPermissions Missing write access to /usr/local/lib/node_modules/gulp/node_modules/chalk/node_modules/has-ansi/node_modules
213 warn checkPermissions Missing write access to /usr/local/lib/node_modules/gulp/node_modules/chalk/node_modules/strip-ansi/node_modules
214 warn checkPermissions Missing write access to /usr/local/lib/node_modules/gulp/node_modules/gulp-util/node_modules
215 warn checkPermissions Missing write access to /usr/local/lib/node_modules/gulp/node_modules/gulp-util/node_modules/dateformat/node_modules
216 warn checkPermissions Missing write access to /usr/local/lib/node_modules/gulp/node_modules/gulp-util/node_modules/dateformat/node_modules/meow/node_modules/camelcase-keys/node_modules
217 warn checkPermissions Missing write access to /usr/local/lib/node_modules/gulp/node_modules/gulp-util/node_modules/dateformat/node_modules/meow/node_modules
218 warn checkPermissions Missing write access to /usr/local/lib/node_modules/gulp/node_modules/gulp-util/node_modules/dateformat/node_modules/meow/node_modules/loud-rejection/node_modules/currently-unhandled/node_modules
219 warn checkPermissions Missing write access to /usr/local/lib/node_modules/gulp/node_modules/gulp-util/node_modules/dateformat/node_modules/meow/node_modules/loud-rejection/node_modules
220 warn checkPermissions Missing write access to /usr/local/lib/node_modules/gulp/node_modules/gulp-util/node_modules/dateformat/node_modules/meow/node_modules/normalize-package-data/node_modules
221 warn checkPermissions Missing write access to /usr/local/lib/node_modules/gulp/node_modules/gulp-util/node_modules/dateformat/node_modules/meow/node_modules/normalize-package-data/node_modules/is-builtin-module/node_modules
222 warn checkPermissions Missing write access to /usr/local/lib/node_modules/gulp/node_modules/gulp-util/node_modules/dateformat/node_modules/meow/node_modules/normalize-package-data/node_modules/validate-npm-package-license/node_modules
223 warn checkPermissions Missing write access to /usr/local/lib/node_modules/gulp/node_modules/gulp-util/node_modules/dateformat/node_modules/meow/node_modules/normalize-package-data/node_modules/validate-npm-package-license/node_modules/spdx-correct/node_modules
224 warn checkPermissions Missing write access to /usr/local/lib/node_modules/gulp/node_modules/gulp-util/node_modules/dateformat/node_modules/meow/node_modules/normalize-package-data/node_modules/validate-npm-package-license/node_modules/spdx-expression-parse/node_modules
225 warn checkPermissions Missing write access to /usr/local/lib/node_modules/gulp/node_modules/gulp-util/node_modules/dateformat/node_modules/meow/node_modules/read-pkg-up/node_modules/find-up/node_modules/pinkie-promise/node_modules
226 warn checkPermissions Missing write access to /usr/local/lib/node_modules/gulp/node_modules/gulp-util/node_modules/dateformat/node_modules/meow/node_modules/read-pkg-up/node_modules/find-up/node_modules
227 warn checkPermissions Missing write access to /usr/local/lib/node_modules/gulp/node_modules/gulp-util/node_modules/dateformat/node_modules/meow/node_modules/read-pkg-up/node_modules
228 warn checkPermissions Missing write access to /usr/local/lib/node_modules/gulp/node_modules/gulp-util/node_modules/dateformat/node_modules/meow/node_modules/read-pkg-up/node_modules/read-pkg/node_modules/load-json-file/node_modules
229 warn checkPermissions Missing write access to /usr/local/lib/node_modules/gulp/node_modules/gulp-util/node_modules/dateformat/node_modules/meow/node_modules/read-pkg-up/node_modules/read-pkg/node_modules/load-json-file/node_modules/parse-json/node_modules/error-ex/node_modules
230 warn checkPermissions Missing write access to /usr/local/lib/node_modules/gulp/node_modules/gulp-util/node_modules/dateformat/node_modules/meow/node_modules/read-pkg-up/node_modules/read-pkg/node_modules/load-json-file/node_modules/parse-json/node_modules
231 warn checkPermissions Missing write access to /usr/local/lib/node_modules/gulp/node_modules/gulp-util/node_modules/dateformat/node_modules/meow/node_modules/read-pkg-up/node_modules/read-pkg/node_modules/load-json-file/node_modules/pinkie-promise/node_modules
232 warn checkPermissions Missing write access to /usr/local/lib/node_modules/gulp/node_modules/gulp-util/node_modules/dateformat/node_modules/meow/node_modules/read-pkg-up/node_modules/read-pkg/node_modules/load-json-file/node_modules/strip-bom/node_modules
233 warn checkPermissions Missing write access to /usr/local/lib/node_modules/gulp/node_modules/gulp-util/node_modules/dateformat/node_modules/meow/node_modules/read-pkg-up/node_modules/read-pkg/node_modules
234 warn checkPermissions Missing write access to /usr/local/lib/node_modules/gulp/node_modules/gulp-util/node_modules/dateformat/node_modules/meow/node_modules/read-pkg-up/node_modules/read-pkg/node_modules/path-type/node_modules
235 warn checkPermissions Missing write access to /usr/local/lib/node_modules/gulp/node_modules/gulp-util/node_modules/dateformat/node_modules/meow/node_modules/read-pkg-up/node_modules/read-pkg/node_modules/path-type/node_modules/pinkie-promise/node_modules
236 warn checkPermissions Missing write access to /usr/local/lib/node_modules/gulp/node_modules/gulp-util/node_modules/dateformat/node_modules/meow/node_modules/redent/node_modules/indent-string/node_modules/repeating/node_modules/is-finite/node_modules
237 warn checkPermissions Missing write access to /usr/local/lib/node_modules/gulp/node_modules/gulp-util/node_modules/dateformat/node_modules/meow/node_modules/redent/node_modules/indent-string/node_modules/repeating/node_modules
238 warn checkPermissions Missing write access to /usr/local/lib/node_modules/gulp/node_modules/gulp-util/node_modules/dateformat/node_modules/meow/node_modules/redent/node_modules/indent-string/node_modules
239 warn checkPermissions Missing write access to /usr/local/lib/node_modules/gulp/node_modules/gulp-util/node_modules/dateformat/node_modules/meow/node_modules/redent/node_modules
240 warn checkPermissions Missing write access to /usr/local/lib/node_modules/gulp/node_modules/gulp-util/node_modules/fancy-log/node_modules
241 warn checkPermissions Missing write access to /usr/local/lib/node_modules/gulp/node_modules/gulp-util/node_modules/gulplog/node_modules/glogg/node_modules
242 warn checkPermissions Missing write access to /usr/local/lib/node_modules/gulp/node_modules/gulp-util/node_modules/gulplog/node_modules
243 warn checkPermissions Missing write access to /usr/local/lib/node_modules/gulp/node_modules/gulp-util/node_modules/has-gulplog/node_modules
244 warn checkPermissions Missing write access to /usr/local/lib/node_modules/gulp/node_modules/gulp-util/node_modules/lodash.template/node_modules
245 warn checkPermissions Missing write access to /usr/local/lib/node_modules/gulp/node_modules/gulp-util/node_modules/lodash.template/node_modules/lodash.escape/node_modules
246 warn checkPermissions Missing write access to /usr/local/lib/node_modules/gulp/node_modules/gulp-util/node_modules/lodash.template/node_modules/lodash.keys/node_modules
247 warn checkPermissions Missing write access to /usr/local/lib/node_modules/gulp/node_modules/gulp-util/node_modules/multipipe/node_modules/duplexer2/node_modules/readable-stream/node_modules
248 warn checkPermissions Missing write access to /usr/local/lib/node_modules/gulp/node_modules/gulp-util/node_modules/multipipe/node_modules/duplexer2/node_modules
249 warn checkPermissions Missing write access to /usr/local/lib/node_modules/gulp/node_modules/gulp-util/node_modules/multipipe/node_modules
250 warn checkPermissions Missing write access to /usr/local/lib/node_modules/gulp/node_modules/gulp-util/node_modules/through2/node_modules/readable-stream/node_modules
251 warn checkPermissions Missing write access to /usr/local/lib/node_modules/gulp/node_modules/gulp-util/node_modules/through2/node_modules
252 warn checkPermissions Missing write access to /usr/local/lib/node_modules/gulp/node_modules/gulp-util/node_modules/vinyl/node_modules
253 warn checkPermissions Missing write access to /usr/local/lib/node_modules/gulp/node_modules/liftoff/node_modules
254 warn checkPermissions Missing write access to /usr/local/lib/node_modules/gulp/node_modules/liftoff/node_modules/findup-sync/node_modules/glob/node_modules/inflight/node_modules
255 warn checkPermissions Missing write access to /usr/local/lib/node_modules/gulp/node_modules/liftoff/node_modules/findup-sync/node_modules/glob/node_modules
256 warn checkPermissions Missing write access to /usr/local/lib/node_modules/gulp/node_modules/liftoff/node_modules/findup-sync/node_modules/glob/node_modules/minimatch/node_modules/brace-expansion/node_modules
257 warn checkPermissions Missing write access to /usr/local/lib/node_modules/gulp/node_modules/liftoff/node_modules/findup-sync/node_modules/glob/node_modules/minimatch/node_modules
258 warn checkPermissions Missing write access to /usr/local/lib/node_modules/gulp/node_modules/liftoff/node_modules/findup-sync/node_modules/glob/node_modules/once/node_modules
259 warn checkPermissions Missing write access to /usr/local/lib/node_modules/gulp/node_modules/liftoff/node_modules/findup-sync/node_modules
260 warn checkPermissions Missing write access to /usr/local/lib/node_modules/gulp/node_modules/orchestrator/node_modules/end-of-stream/node_modules/once/node_modules
261 warn checkPermissions Missing write access to /usr/local/lib/node_modules/gulp/node_modules/orchestrator/node_modules/end-of-stream/node_modules
262 warn checkPermissions Missing write access to /usr/local/lib/node_modules/gulp/node_modules/orchestrator/node_modules
263 warn checkPermissions Missing write access to /usr/local/lib/node_modules/gulp/node_modules/tildify/node_modules
264 warn checkPermissions Missing write access to /usr/local/lib/node_modules/gulp/node_modules/v8flags/node_modules
265 warn checkPermissions Missing write access to /usr/local/lib/node_modules/gulp/node_modules/vinyl-fs/node_modules/defaults/node_modules
266 warn checkPermissions Missing write access to /usr/local/lib/node_modules/gulp/node_modules/vinyl-fs/node_modules
267 warn checkPermissions Missing write access to /usr/local/lib/node_modules/gulp/node_modules/vinyl-fs/node_modules/glob-stream/node_modules/glob/node_modules/inflight/node_modules
268 warn checkPermissions Missing write access to /usr/local/lib/node_modules/gulp/node_modules/vinyl-fs/node_modules/glob-stream/node_modules/glob/node_modules
269 warn checkPermissions Missing write access to /usr/local/lib/node_modules/gulp/node_modules/vinyl-fs/node_modules/glob-stream/node_modules/glob/node_modules/once/node_modules
270 warn checkPermissions Missing write access to /usr/local/lib/node_modules/gulp/node_modules/vinyl-fs/node_modules/glob-stream/node_modules/glob2base/node_modules
271 warn checkPermissions Missing write access to /usr/local/lib/node_modules/gulp/node_modules/vinyl-fs/node_modules/glob-stream/node_modules
272 warn checkPermissions Missing write access to /usr/local/lib/node_modules/gulp/node_modules/vinyl-fs/node_modules/glob-stream/node_modules/minimatch/node_modules/brace-expansion/node_modules
273 warn checkPermissions Missing write access to /usr/local/lib/node_modules/gulp/node_modules/vinyl-fs/node_modules/glob-stream/node_modules/minimatch/node_modules
274 warn checkPermissions Missing write access to /usr/local/lib/node_modules/gulp/node_modules/vinyl-fs/node_modules/glob-watcher/node_modules/gaze/node_modules/globule/node_modules/glob/node_modules
275 warn checkPermissions Missing write access to /usr/local/lib/node_modules/gulp/node_modules/vinyl-fs/node_modules/glob-watcher/node_modules/gaze/node_modules/globule/node_modules
276 warn checkPermissions Missing write access to /usr/local/lib/node_modules/gulp/node_modules/vinyl-fs/node_modules/glob-watcher/node_modules/gaze/node_modules/globule/node_modules/minimatch/node_modules
277 warn checkPermissions Missing write access to /usr/local/lib/node_modules/gulp/node_modules/vinyl-fs/node_modules/glob-watcher/node_modules/gaze/node_modules
278 warn checkPermissions Missing write access to /usr/local/lib/node_modules/gulp/node_modules/vinyl-fs/node_modules/glob-watcher/node_modules
279 warn checkPermissions Missing write access to /usr/local/lib/node_modules/gulp/node_modules/vinyl-fs/node_modules/mkdirp/node_modules
280 warn checkPermissions Missing write access to /usr/local/lib/node_modules/gulp/node_modules/vinyl-fs/node_modules/strip-bom/node_modules
281 warn checkPermissions Missing write access to /usr/local/lib/node_modules/gulp/node_modules/vinyl-fs/node_modules/through2/node_modules/readable-stream/node_modules
282 warn checkPermissions Missing write access to /usr/local/lib/node_modules/gulp/node_modules/vinyl-fs/node_modules/through2/node_modules
283 warn checkPermissions Missing write access to /usr/local/lib/node_modules/gulp/node_modules/vinyl-fs/node_modules/vinyl/node_modules
284 warn checkPermissions Missing write access to /usr/local/lib/node_modules
285 silly rollbackFailedOptional Starting
286 silly rollbackFailedOptional Finishing
287 silly runTopLevelLifecycles Starting
288 silly runTopLevelLifecycles Finishing
289 silly install printInstalled
290 verbose stack Error: EACCES: permission denied, access '/usr/local/lib/node_modules/gulp/node_modules/archy'
290 verbose stack     at Error (native)
291 verbose cwd /Users/wangdejun/LE/PythonNotes
292 error Darwin 16.1.0
293 error argv "/usr/local/bin/node" "/usr/local/bin/npm" "rm" "--global" "gulp"
294 error node v6.2.1
295 error npm  v3.9.3
296 error path /usr/local/lib/node_modules/gulp/node_modules/archy
297 error code EACCES
298 error errno -13
299 error syscall access
300 error Error: EACCES: permission denied, access '/usr/local/lib/node_modules/gulp/node_modules/archy'
300 error     at Error (native)
300 error  { Error: EACCES: permission denied, access '/usr/local/lib/node_modules/gulp/node_modules/archy'
300 error     at Error (native)
300 error   errno: -13,
300 error   code: 'EACCES',
300 error   syscall: 'access',
300 error   path: '/usr/local/lib/node_modules/gulp/node_modules/archy' }
301 error Please try running this command again as root/Administrator.
302 verbose exit [ -13, true ]
